2025-08-17 18:45:30,971 [INFO] --- Iniciando coleta de dados ---
2025-08-17 18:45:30,989 [INFO] Nenhum histórico encontrado. Será criado um novo.
2025-08-17 18:45:43,941 [INFO] Encontradas 20 equipes únicas.
2025-08-17 18:46:39,814 [INFO] Foram encontrados 60 jogos novos.
2025-08-17 18:46:39,925 [INFO] Dados salvos no banco dados.db (60 linhas).
2025-08-17 18:46:39,926 [INFO] --- Fim da coleta ---
2025-08-17 18:59:00,061 [INFO] --- Iniciando coleta de dados ---
2025-08-17 18:59:00,064 [INFO] Histórico encontrado com 60 jogos.
2025-08-17 18:59:06,763 [INFO] Encontradas 20 equipes únicas.
2025-08-17 19:00:25,269 [INFO] Foram encontrados 668 jogos novos.
2025-08-17 19:00:25,496 [INFO] Dados salvos no banco dados.db (661 linhas).
2025-08-17 19:00:25,496 [INFO] --- Fim da coleta ---
2025-08-17 19:15:39,159 [INFO] --- Iniciando coleta de dados ---
2025-08-17 19:15:45,808 [INFO] Encontradas 20 equipes únicas.
2025-08-17 19:17:24,365 [INFO] Foram encontrados 979 jogos novos.
2025-08-17 19:17:24,793 [INFO] Dados salvos no banco dados.db (712 linhas).
2025-08-17 19:17:24,793 [INFO] --- Fim da coleta ---
2025-08-17 19:17:24,823 [INFO] Exportado para CSV: dados_exportados.csv (925 linhas).
2025-08-17 19:21:12,229 [INFO] --- Iniciando coleta de dados ---
2025-08-17 19:21:24,668 [INFO] Encontradas 40 equipes únicas.
2025-08-17 19:24:34,198 [INFO] Foram encontrados 2040 jogos novos.
2025-08-17 19:24:34,864 [INFO] Dados salvos no banco dados.db (1367 linhas).
2025-08-17 19:24:34,865 [INFO] --- Fim da coleta ---
2025-08-17 19:24:34,900 [INFO] Exportado para CSV: dados_exportados.csv (1367 linhas).
2025-08-17 19:52:10,627 [INFO] --- Iniciando coleta de dados ---
2025-08-17 19:52:25,358 [INFO] Encontradas 40 equipes únicas.
2025-08-17 19:55:24,130 [INFO] Foram encontrados 1917 jogos novos.
2025-08-17 19:55:24,711 [INFO] Dados salvos no banco dados.db (271 linhas).
2025-08-17 19:55:24,730 [INFO] Exportado para CSV: dados_exportados.csv (271 linhas).
2025-08-17 19:55:24,731 [INFO] --- Fim da coleta ---
2025-08-17 19:55:24,740 [INFO] Exportado para CSV: dados_exportados.csv (271 linhas).
2025-08-17 19:59:25,905 [INFO] --- Iniciando coleta de dados ---
2025-08-17 19:59:41,223 [INFO] Encontradas 40 equipes únicas.
2025-08-17 20:02:55,633 [INFO] Foram encontrados 1917 jogos novos.
2025-08-17 20:02:56,429 [INFO] Dados salvos no banco dados.db (606 linhas).
2025-08-17 20:02:56,467 [INFO] Exportado para CSV: dados_exportados.csv (606 linhas).
2025-08-17 20:02:56,468 [INFO] --- Fim da coleta ---
2025-08-17 20:02:56,488 [INFO] Exportado para CSV: dados_exportados.csv (606 linhas).
2025-08-18 10:39:29,240 [INFO] --- Iniciando coleta de dados ---
2025-08-18 10:41:29,552 [INFO] Encontradas 375 equipes únicas.
2025-08-18 11:07:20,737 [INFO] Foram encontrados 18334 jogos novos.
2025-08-18 11:07:25,056 [INFO] Dados salvos no banco dados.db (3243 linhas).
2025-08-18 11:07:25,109 [INFO] Exportado para CSV: dados_redscore.csv (3246 linhas).
2025-08-18 11:07:25,110 [INFO] --- Fim da coleta ---
2025-08-18 11:07:25,161 [INFO] Exportado para CSV: dados_redscore.csv (3246 linhas).
2025-08-18 13:19:19,915 [INFO] --- Iniciando coleta de dados ---
2025-08-18 13:21:21,119 [INFO] Encontradas 375 equipes únicas.
2025-08-18 13:49:33,971 [INFO] Foram encontrados 18155 jogos novos.
2025-08-18 13:49:38,950 [INFO] Dados salvos no banco dados.db (5657 linhas).
2025-08-18 13:49:39,050 [INFO] Exportado para CSV: dados_redscore.csv (5682 linhas).
2025-08-18 13:49:39,051 [INFO] --- Fim da coleta ---
2025-08-18 14:38:36,370 [INFO] --- Iniciando coleta de dados ---
2025-08-18 14:39:09,182 [INFO] Encontradas 92 equipes únicas.
2025-08-18 14:45:50,767 [INFO] Foram encontrados 4510 jogos novos.
2025-08-18 14:45:52,098 [INFO] Dados salvos no banco dados.db (0 linhas).
2025-08-18 14:45:52,227 [INFO] Exportado para CSV: dados_redscore.csv (5682 linhas).
2025-08-18 14:45:52,228 [INFO] --- Fim da coleta ---
2025-08-18 15:27:39,397 [INFO] --- Iniciando coleta de dados ---
2025-08-18 15:28:11,532 [INFO] Encontradas 92 equipes únicas.
2025-08-18 15:28:40,673 [WARNING] Retrying (Retry(total=2, connect=None, read=None, redirect=None, status=None)) after connection broken by 'NewConnectionError('<urllib3.connection.HTTPConnection object at 0x000001E189AE2140>: Failed to establish a new connection: [WinError 10061] Nenhuma conexão pôde ser feita porque a máquina de destino as recusou ativamente')': /session/9fa1e8b4f5cf2070f5c82f77195668fd/element
2025-08-18 15:28:44,763 [WARNING] Retrying (Retry(total=1, connect=None, read=None, redirect=None, status=None)) after connection broken by 'NewConnectionError('<urllib3.connection.HTTPConnection object at 0x000001E189AE3130>: Failed to establish a new connection: [WinError 10061] Nenhuma conexão pôde ser feita porque a máquina de destino as recusou ativamente')': /session/9fa1e8b4f5cf2070f5c82f77195668fd/element
2025-08-18 15:28:48,846 [WARNING] Retrying (Retry(total=0, connect=None, read=None, redirect=None, status=None)) after connection broken by 'NewConnectionError('<urllib3.connection.HTTPConnection object at 0x000001E189AE3240>: Failed to establish a new connection: [WinError 10061] Nenhuma conexão pôde ser feita porque a máquina de destino as recusou ativamente')': /session/9fa1e8b4f5cf2070f5c82f77195668fd/element
2025-08-18 15:28:56,990 [WARNING] Retrying (Retry(total=2, connect=None, read=None, redirect=None, status=None)) after connection broken by 'NewConnectionError('<urllib3.connection.HTTPConnection object at 0x000001E189AE3F00>: Failed to establish a new connection: [WinError 10061] Nenhuma conexão pôde ser feita porque a máquina de destino as recusou ativamente')': /session/9fa1e8b4f5cf2070f5c82f77195668fd/source
2025-08-18 15:29:01,045 [WARNING] Retrying (Retry(total=1, connect=None, read=None, redirect=None, status=None)) after connection broken by 'NewConnectionError('<urllib3.connection.HTTPConnection object at 0x000001E189AE05A0>: Failed to establish a new connection: [WinError 10061] Nenhuma conexão pôde ser feita porque a máquina de destino as recusou ativamente')': /session/9fa1e8b4f5cf2070f5c82f77195668fd/source
2025-08-18 15:29:05,119 [WARNING] Retrying (Retry(total=0, connect=None, read=None, redirect=None, status=None)) after connection broken by 'NewConnectionError('<urllib3.connection.HTTPConnection object at 0x000001E189AE3240>: Failed to establish a new connection: [WinError 10061] Nenhuma conexão pôde ser feita porque a máquina de destino as recusou ativamente')': /session/9fa1e8b4f5cf2070f5c82f77195668fd/source
2025-08-18 15:29:13,262 [WARNING] Retrying (Retry(total=2, connect=None, read=None, redirect=None, status=None)) after connection broken by 'NewConnectionError('<urllib3.connection.HTTPConnection object at 0x000001E189AE3AC0>: Failed to establish a new connection: [WinError 10061] Nenhuma conexão pôde ser feita porque a máquina de destino as recusou ativamente')': /session/9fa1e8b4f5cf2070f5c82f77195668fd
2025-08-18 15:29:17,340 [WARNING] Retrying (Retry(total=1, connect=None, read=None, redirect=None, status=None)) after connection broken by 'NewConnectionError('<urllib3.connection.HTTPConnection object at 0x000001E189AE2250>: Failed to establish a new connection: [WinError 10061] Nenhuma conexão pôde ser feita porque a máquina de destino as recusou ativamente')': /session/9fa1e8b4f5cf2070f5c82f77195668fd
2025-08-18 15:29:21,396 [WARNING] Retrying (Retry(total=0, connect=None, read=None, redirect=None, status=None)) after connection broken by 'NewConnectionError('<urllib3.connection.HTTPConnection object at 0x000001E189AE27A0>: Failed to establish a new connection: [WinError 10061] Nenhuma conexão pôde ser feita porque a máquina de destino as recusou ativamente')': /session/9fa1e8b4f5cf2070f5c82f77195668fd
2025-08-18 15:35:11,710 [WARNING] Retrying (Retry(total=2, connect=None, read=None, redirect=None, status=None)) after connection broken by 'NewConnectionError('<urllib3.connection.HTTPConnection object at 0x000001E189AE2360>: Failed to establish a new connection: [WinError 10061] Nenhuma conexão pôde ser feita porque a máquina de destino as recusou ativamente')': /session/9eff6d418175169964b09433d275f9f1/source
2025-08-18 15:35:11,713 [WARNING] Retrying (Retry(total=2, connect=None, read=None, redirect=None, status=None)) after connection broken by 'NewConnectionError('<urllib3.connection.HTTPConnection object at 0x000001E189AE1F20>: Failed to establish a new connection: [WinError 10061] Nenhuma conexão pôde ser feita porque a máquina de destino as recusou ativamente')': /session/78236a99c8da731a92a0d4cae8736222/source
2025-08-18 15:35:12,026 [WARNING] Retrying (Retry(total=2, connect=None, read=None, redirect=None, status=None)) after connection broken by 'NewConnectionError('<urllib3.connection.HTTPConnection object at 0x000001E189AE1260>: Failed to establish a new connection: [WinError 10061] Nenhuma conexão pôde ser feita porque a máquina de destino as recusou ativamente')': /session/2b5d60084088597733fb46bc62018801/element
2025-08-18 15:35:12,041 [WARNING] Retrying (Retry(total=2, connect=None, read=None, redirect=None, status=None)) after connection broken by 'NewConnectionError('<urllib3.connection.HTTPConnection object at 0x000001E189AE2580>: Failed to establish a new connection: [WinError 10061] Nenhuma conexão pôde ser feita porque a máquina de destino as recusou ativamente')': /session/d4e61111468177e85eefcf1f51d21b04/element
2025-08-18 15:35:15,772 [WARNING] Retrying (Retry(total=1, connect=None, read=None, redirect=None, status=None)) after connection broken by 'NewConnectionError('<urllib3.connection.HTTPConnection object at 0x000001E189AE2250>: Failed to establish a new connection: [WinError 10061] Nenhuma conexão pôde ser feita porque a máquina de destino as recusou ativamente')': /session/78236a99c8da731a92a0d4cae8736222/source
2025-08-18 15:35:15,789 [WARNING] Retrying (Retry(total=1, connect=None, read=None, redirect=None, status=None)) after connection broken by 'NewConnectionError('<urllib3.connection.HTTPConnection object at 0x000001E189AE3460>: Failed to establish a new connection: [WinError 10061] Nenhuma conexão pôde ser feita porque a máquina de destino as recusou ativamente')': /session/9eff6d418175169964b09433d275f9f1/source
2025-08-18 15:35:16,102 [WARNING] Retrying (Retry(total=1, connect=None, read=None, redirect=None, status=None)) after connection broken by 'NewConnectionError('<urllib3.connection.HTTPConnection object at 0x000001E189AE2F10>: Failed to establish a new connection: [WinError 10061] Nenhuma conexão pôde ser feita porque a máquina de destino as recusou ativamente')': /session/d4e61111468177e85eefcf1f51d21b04/element
2025-08-18 15:35:16,106 [WARNING] Retrying (Retry(total=1, connect=None, read=None, redirect=None, status=None)) after connection broken by 'NewConnectionError('<urllib3.connection.HTTPConnection object at 0x000001E189AE3AC0>: Failed to establish a new connection: [WinError 10061] Nenhuma conexão pôde ser feita porque a máquina de destino as recusou ativamente')': /session/2b5d60084088597733fb46bc62018801/element
2025-08-18 15:35:19,838 [WARNING] Retrying (Retry(total=0, connect=None, read=None, redirect=None, status=None)) after connection broken by 'NewConnectionError('<urllib3.connection.HTTPConnection object at 0x000001E189AE3240>: Failed to establish a new connection: [WinError 10061] Nenhuma conexão pôde ser feita porque a máquina de destino as recusou ativamente')': /session/78236a99c8da731a92a0d4cae8736222/source
2025-08-18 15:35:19,840 [WARNING] Retrying (Retry(total=0, connect=None, read=None, redirect=None, status=None)) after connection broken by 'NewConnectionError('<urllib3.connection.HTTPConnection object at 0x000001E189AE05A0>: Failed to establish a new connection: [WinError 10061] Nenhuma conexão pôde ser feita porque a máquina de destino as recusou ativamente')': /session/9eff6d418175169964b09433d275f9f1/source
2025-08-18 15:35:20,168 [WARNING] Retrying (Retry(total=0, connect=None, read=None, redirect=None, status=None)) after connection broken by 'NewConnectionError('<urllib3.connection.HTTPConnection object at 0x000001E189AE3F00>: Failed to establish a new connection: [WinError 10061] Nenhuma conexão pôde ser feita porque a máquina de destino as recusou ativamente')': /session/d4e61111468177e85eefcf1f51d21b04/element
2025-08-18 15:35:20,170 [WARNING] Retrying (Retry(total=0, connect=None, read=None, redirect=None, status=None)) after connection broken by 'NewConnectionError('<urllib3.connection.HTTPConnection object at 0x000001E189AE18C0>: Failed to establish a new connection: [WinError 10061] Nenhuma conexão pôde ser feita porque a máquina de destino as recusou ativamente')': /session/2b5d60084088597733fb46bc62018801/element
2025-08-18 15:35:27,978 [WARNING] Retrying (Retry(total=2, connect=None, read=None, redirect=None, status=None)) after connection broken by 'NewConnectionError('<urllib3.connection.HTTPConnection object at 0x000001E18C528380>: Failed to establish a new connection: [WinError 10061] Nenhuma conexão pôde ser feita porque a máquina de destino as recusou ativamente')': /session/9eff6d418175169964b09433d275f9f1
2025-08-18 15:35:27,995 [WARNING] Retrying (Retry(total=2, connect=None, read=None, redirect=None, status=None)) after connection broken by 'NewConnectionError('<urllib3.connection.HTTPConnection object at 0x000001E18C5287C0>: Failed to establish a new connection: [WinError 10061] Nenhuma conexão pôde ser feita porque a máquina de destino as recusou ativamente')': /session/78236a99c8da731a92a0d4cae8736222
2025-08-18 15:35:28,267 [WARNING] Retrying (Retry(total=2, connect=None, read=None, redirect=None, status=None)) after connection broken by 'NewConnectionError('<urllib3.connection.HTTPConnection object at 0x000001E18C528C00>: Failed to establish a new connection: [WinError 10061] Nenhuma conexão pôde ser feita porque a máquina de destino as recusou ativamente')': /session/d4e61111468177e85eefcf1f51d21b04/source
2025-08-18 15:35:28,269 [WARNING] Retrying (Retry(total=2, connect=None, read=None, redirect=None, status=None)) after connection broken by 'NewConnectionError('<urllib3.connection.HTTPConnection object at 0x000001E18C529040>: Failed to establish a new connection: [WinError 10061] Nenhuma conexão pôde ser feita porque a máquina de destino as recusou ativamente')': /session/2b5d60084088597733fb46bc62018801/source
2025-08-18 15:35:32,064 [WARNING] Retrying (Retry(total=1, connect=None, read=None, redirect=None, status=None)) after connection broken by 'NewConnectionError('<urllib3.connection.HTTPConnection object at 0x000001E18C529370>: Failed to establish a new connection: [WinError 10061] Nenhuma conexão pôde ser feita porque a máquina de destino as recusou ativamente')': /session/9eff6d418175169964b09433d275f9f1
2025-08-18 15:35:32,065 [WARNING] Retrying (Retry(total=1, connect=None, read=None, redirect=None, status=None)) after connection broken by 'NewConnectionError('<urllib3.connection.HTTPConnection object at 0x000001E18C5296A0>: Failed to establish a new connection: [WinError 10061] Nenhuma conexão pôde ser feita porque a máquina de destino as recusou ativamente')': /session/78236a99c8da731a92a0d4cae8736222
2025-08-18 15:35:32,322 [WARNING] Retrying (Retry(total=1, connect=None, read=None, redirect=None, status=None)) after connection broken by 'NewConnectionError('<urllib3.connection.HTTPConnection object at 0x000001E189AE38A0>: Failed to establish a new connection: [WinError 10061] Nenhuma conexão pôde ser feita porque a máquina de destino as recusou ativamente')': /session/d4e61111468177e85eefcf1f51d21b04/source
2025-08-18 15:35:32,339 [WARNING] Retrying (Retry(total=1, connect=None, read=None, redirect=None, status=None)) after connection broken by 'NewConnectionError('<urllib3.connection.HTTPConnection object at 0x000001E189AE1040>: Failed to establish a new connection: [WinError 10061] Nenhuma conexão pôde ser feita porque a máquina de destino as recusou ativamente')': /session/2b5d60084088597733fb46bc62018801/source
2025-08-18 15:35:36,119 [WARNING] Retrying (Retry(total=0, connect=None, read=None, redirect=None, status=None)) after connection broken by 'NewConnectionError('<urllib3.connection.HTTPConnection object at 0x000001E189AE1E10>: Failed to establish a new connection: [WinError 10061] Nenhuma conexão pôde ser feita porque a máquina de destino as recusou ativamente')': /session/9eff6d418175169964b09433d275f9f1
2025-08-18 15:35:36,136 [WARNING] Retrying (Retry(total=0, connect=None, read=None, redirect=None, status=None)) after connection broken by 'NewConnectionError('<urllib3.connection.HTTPConnection object at 0x000001E189AE2BE0>: Failed to establish a new connection: [WinError 10061] Nenhuma conexão pôde ser feita porque a máquina de destino as recusou ativamente')': /session/78236a99c8da731a92a0d4cae8736222
2025-08-18 15:35:36,400 [WARNING] Retrying (Retry(total=0, connect=None, read=None, redirect=None, status=None)) after connection broken by 'NewConnectionError('<urllib3.connection.HTTPConnection object at 0x000001E189AE2CF0>: Failed to establish a new connection: [WinError 10061] Nenhuma conexão pôde ser feita porque a máquina de destino as recusou ativamente')': /session/d4e61111468177e85eefcf1f51d21b04/source
2025-08-18 15:35:36,401 [WARNING] Retrying (Retry(total=0, connect=None, read=None, redirect=None, status=None)) after connection broken by 'NewConnectionError('<urllib3.connection.HTTPConnection object at 0x000001E189AE1BF0>: Failed to establish a new connection: [WinError 10061] Nenhuma conexão pôde ser feita porque a máquina de destino as recusou ativamente')': /session/2b5d60084088597733fb46bc62018801/source
2025-08-18 15:35:44,541 [WARNING] Retrying (Retry(total=2, connect=None, read=None, redirect=None, status=None)) after connection broken by 'NewConnectionError('<urllib3.connection.HTTPConnection object at 0x000001E189AE2360>: Failed to establish a new connection: [WinError 10061] Nenhuma conexão pôde ser feita porque a máquina de destino as recusou ativamente')': /session/d4e61111468177e85eefcf1f51d21b04
2025-08-18 15:35:44,542 [WARNING] Retrying (Retry(total=2, connect=None, read=None, redirect=None, status=None)) after connection broken by 'NewConnectionError('<urllib3.connection.HTTPConnection object at 0x000001E189AE0D10>: Failed to establish a new connection: [WinError 10061] Nenhuma conexão pôde ser feita porque a máquina de destino as recusou ativamente')': /session/2b5d60084088597733fb46bc62018801
2025-08-18 15:35:48,609 [WARNING] Retrying (Retry(total=1, connect=None, read=None, redirect=None, status=None)) after connection broken by 'NewConnectionError('<urllib3.connection.HTTPConnection object at 0x000001E189AE3350>: Failed to establish a new connection: [WinError 10061] Nenhuma conexão pôde ser feita porque a máquina de destino as recusou ativamente')': /session/d4e61111468177e85eefcf1f51d21b04
2025-08-18 15:35:48,625 [WARNING] Retrying (Retry(total=1, connect=None, read=None, redirect=None, status=None)) after connection broken by 'NewConnectionError('<urllib3.connection.HTTPConnection object at 0x000001E189AE3CE0>: Failed to establish a new connection: [WinError 10061] Nenhuma conexão pôde ser feita porque a máquina de destino as recusou ativamente')': /session/2b5d60084088597733fb46bc62018801
2025-08-18 15:35:52,693 [WARNING] Retrying (Retry(total=0, connect=None, read=None, redirect=None, status=None)) after connection broken by 'NewConnectionError('<urllib3.connection.HTTPConnection object at 0x000001E189AE0C00>: Failed to establish a new connection: [WinError 10061] Nenhuma conexão pôde ser feita porque a máquina de destino as recusou ativamente')': /session/d4e61111468177e85eefcf1f51d21b04
2025-08-18 15:35:52,695 [WARNING] Retrying (Retry(total=0, connect=None, read=None, redirect=None, status=None)) after connection broken by 'NewConnectionError('<urllib3.connection.HTTPConnection object at 0x000001E18C528F30>: Failed to establish a new connection: [WinError 10061] Nenhuma conexão pôde ser feita porque a máquina de destino as recusou ativamente')': /session/2b5d60084088597733fb46bc62018801
2025-08-18 15:37:05,353 [INFO] --- Iniciando coleta de dados ---
2025-08-18 15:42:34,153 [INFO] --- Iniciando coleta de dados ---
2025-08-18 15:43:06,640 [INFO] Encontradas 92 equipes únicas.
2025-08-18 15:50:26,974 [INFO] Foram encontrados 4510 jogos novos.
2025-08-18 15:50:35,364 [INFO] Dados salvos no banco dados.db (1980 linhas).
2025-08-18 15:50:35,599 [INFO] Exportado para CSV: dados_redscore.csv (7662 linhas).
2025-08-18 15:50:35,602 [INFO] --- Fim da coleta ---
2025-08-18 18:30:29,133 [INFO] --- Iniciando coleta de dados ---
2025-08-18 18:33:34,255 [INFO] Encontradas 493 equipes únicas.
2025-08-18 18:35:32,707 [WARNING] Retrying (Retry(total=2, connect=None, read=None, redirect=None, status=None)) after connection broken by 'NewConnectionError('<urllib3.connection.HTTPConnection object at 0x000002229C75DAE0>: Failed to establish a new connection: [WinError 10061] Nenhuma conexão pôde ser feita porque a máquina de destino as recusou ativamente')': /session/8e8fa69ade938cce9958967cccf7fd03/source
2025-08-18 18:35:32,721 [WARNING] Retrying (Retry(total=2, connect=None, read=None, redirect=None, status=None)) after connection broken by 'NewConnectionError('<urllib3.connection.HTTPConnection object at 0x000002229C75DF20>: Failed to establish a new connection: [WinError 10061] Nenhuma conexão pôde ser feita porque a máquina de destino as recusou ativamente')': /session/fc82d4671675681190cc0c505f95669a/source
2025-08-18 18:35:36,765 [WARNING] Retrying (Retry(total=1, connect=None, read=None, redirect=None, status=None)) after connection broken by 'NewConnectionError('<urllib3.connection.HTTPConnection object at 0x000002229C75E140>: Failed to establish a new connection: [WinError 10061] Nenhuma conexão pôde ser feita porque a máquina de destino as recusou ativamente')': /session/8e8fa69ade938cce9958967cccf7fd03/source
2025-08-18 18:35:36,766 [WARNING] Retrying (Retry(total=1, connect=None, read=None, redirect=None, status=None)) after connection broken by 'NewConnectionError('<urllib3.connection.HTTPConnection object at 0x000002229C75D7B0>: Failed to establish a new connection: [WinError 10061] Nenhuma conexão pôde ser feita porque a máquina de destino as recusou ativamente')': /session/fc82d4671675681190cc0c505f95669a/source
2025-08-18 18:35:39,908 [WARNING] Retrying (Retry(total=2, connect=None, read=None, redirect=None, status=None)) after connection broken by 'NewConnectionError('<urllib3.connection.HTTPConnection object at 0x000002229C75EE00>: Failed to establish a new connection: [WinError 10061] Nenhuma conexão pôde ser feita porque a máquina de destino as recusou ativamente')': /session/572c9868f055bbc4c0f1fdbe56e3cedc
2025-08-18 18:35:40,860 [WARNING] Retrying (Retry(total=0, connect=None, read=None, redirect=None, status=None)) after connection broken by 'NewConnectionError('<urllib3.connection.HTTPConnection object at 0x000002229C75F570>: Failed to establish a new connection: [WinError 10061] Nenhuma conexão pôde ser feita porque a máquina de destino as recusou ativamente')': /session/fc82d4671675681190cc0c505f95669a/source
2025-08-18 18:35:40,861 [WARNING] Retrying (Retry(total=0, connect=None, read=None, redirect=None, status=None)) after connection broken by 'NewConnectionError('<urllib3.connection.HTTPConnection object at 0x000002229C75F240>: Failed to establish a new connection: [WinError 10061] Nenhuma conexão pôde ser feita porque a máquina de destino as recusou ativamente')': /session/8e8fa69ade938cce9958967cccf7fd03/source
2025-08-18 18:35:43,975 [WARNING] Retrying (Retry(total=1, connect=None, read=None, redirect=None, status=None)) after connection broken by 'NewConnectionError('<urllib3.connection.HTTPConnection object at 0x000002229C75F8A0>: Failed to establish a new connection: [WinError 10061] Nenhuma conexão pôde ser feita porque a máquina de destino as recusou ativamente')': /session/572c9868f055bbc4c0f1fdbe56e3cedc
2025-08-18 18:35:48,030 [WARNING] Retrying (Retry(total=0, connect=None, read=None, redirect=None, status=None)) after connection broken by 'NewConnectionError('<urllib3.connection.HTTPConnection object at 0x000002229CE786B0>: Failed to establish a new connection: [WinError 10061] Nenhuma conexão pôde ser feita porque a máquina de destino as recusou ativamente')': /session/572c9868f055bbc4c0f1fdbe56e3cedc
2025-08-18 18:35:49,005 [WARNING] Retrying (Retry(total=2, connect=None, read=None, redirect=None, status=None)) after connection broken by 'NewConnectionError('<urllib3.connection.HTTPConnection object at 0x000002229CE78AF0>: Failed to establish a new connection: [WinError 10061] Nenhuma conexão pôde ser feita porque a máquina de destino as recusou ativamente')': /session/fc82d4671675681190cc0c505f95669a
2025-08-18 18:35:49,034 [WARNING] Retrying (Retry(total=2, connect=None, read=None, redirect=None, status=None)) after connection broken by 'NewConnectionError('<urllib3.connection.HTTPConnection object at 0x000002229CE78F30>: Failed to establish a new connection: [WinError 10061] Nenhuma conexão pôde ser feita porque a máquina de destino as recusou ativamente')': /session/8e8fa69ade938cce9958967cccf7fd03
2025-08-18 18:35:49,519 [WARNING] Retrying (Retry(total=2, connect=None, read=None, redirect=None, status=None)) after connection broken by 'NewConnectionError('<urllib3.connection.HTTPConnection object at 0x000002229C75F9B0>: Failed to establish a new connection: [WinError 10061] Nenhuma conexão pôde ser feita porque a máquina de destino as recusou ativamente')': /session/0f847ed0e7c23420da4608bae159cf49/elements
2025-08-18 18:35:49,521 [WARNING] Retrying (Retry(total=2, connect=None, read=None, redirect=None, status=None)) after connection broken by 'NewConnectionError('<urllib3.connection.HTTPConnection object at 0x000002229C75FBD0>: Failed to establish a new connection: [WinError 10061] Nenhuma conexão pôde ser feita porque a máquina de destino as recusou ativamente')': /session/fa97649f649c6f5304c7348c81874a36/elements
